# JRE version: Java(TM) SE Runtime Environment (18.0.2.1+1) (build 18.0.2.1+1-1)
# Java VM: Java HotSpot(TM) 64-Bit Server VM (18.0.2.1+1-1, mixed mode, emulated-client, sharing, tiered, compressed oops, compressed class ptrs, g1 gc, windows-amd64)
GC Precious Log:
 CardTable entry size: 512
 Card Set container configuration: InlinePtr #cards 4 size 8 Array Of Cards #cards 16 size 48 Howl #buckets 8 coarsen threshold 3686 Howl Bitmap #cards 512 size 80 coarsen threshold 460 Card regions per heap region 1 cards per card region 4096
 CPUs: 8 total, 8 available
 Memory: 16102M
 Large Page Support: Disabled
 NUMA Support: Disabled
 Compressed Oops: Enabled (Zero based)
 Heap Region Size: 2M
 Heap Min Capacity: 8M
 Heap Initial Capacity: 252M
 Heap Max Capacity: 4026M
 Pre-touch: Disabled
 Parallel Workers: 8
 Concurrent Workers: 2
 Concurrent Refinement Workers: 8
 Periodic GC: Disabled
Heap:
 garbage-first heap   total 61440K, used 40787K [0x0000000704600000, 0x0000000800000000)
  region size 2048K, 12 young (24576K), 2 survivors (4096K)
 Metaspace       used 52942K, committed 53440K, reserved 1114112K
  class space    used 7112K, committed 7360K, reserved 1048576K
GC Heap History (20 events):
Event: 122.613 GC heap before
{Heap before GC invocations=13 (full 0):
 garbage-first heap   total 61440K, used 37449K [0x0000000704600000, 0x0000000800000000)
  region size 2048K, 9 young (18432K), 2 survivors (4096K)
 Metaspace       used 50497K, committed 51136K, reserved 1114112K
  class space    used 6818K, committed 7104K, reserved 1048576K
}
Event: 122.707 GC heap after
{Heap after GC invocations=14 (full 1):
 garbage-first heap   total 61440K, used 21465K [0x0000000704600000, 0x0000000800000000)
  region size 2048K, 0 young (0K), 0 survivors (0K)
 Metaspace       used 50497K, committed 51136K, reserved 1114112K
  class space    used 6818K, committed 7104K, reserved 1048576K
}
Event: 123.434 GC heap before
{Heap before GC invocations=14 (full 1):
 garbage-first heap   total 61440K, used 43993K [0x0000000704600000, 0x0000000800000000)
  region size 2048K, 11 young (22528K), 0 survivors (0K)
 Metaspace       used 50539K, committed 51136K, reserved 1114112K
  class space    used 6826K, committed 7104K, reserved 1048576K
}
Event: 123.439 GC heap after
{Heap after GC invocations=15 (full 1):
 garbage-first heap   total 61440K, used 23875K [0x0000000704600000, 0x0000000800000000)
  region size 2048K, 2 young (4096K), 2 survivors (4096K)
 Metaspace       used 50539K, committed 51136K, reserved 1114112K
  class space    used 6826K, committed 7104K, reserved 1048576K
}
Event: 123.912 GC heap before
{Heap before GC invocations=15 (full 1):
 garbage-first heap   total 61440K, used 44355K [0x0000000704600000, 0x0000000800000000)
  region size 2048K, 12 young (24576K), 2 survivors (4096K)
 Metaspace       used 50675K, committed 51328K, reserved 1114112K
  class space    used 6838K, committed 7168K, reserved 1048576K
}
Event: 123.916 GC heap after
{Heap after GC invocations=16 (full 1):
 garbage-first heap   total 61440K, used 25303K [0x0000000704600000, 0x0000000800000000)
  region size 2048K, 1 young (2048K), 1 survivors (2048K)
 Metaspace       used 50675K, committed 51328K, reserved 1114112K
  class space    used 6838K, committed 7168K, reserved 1048576K
}
Event: 131.813 GC heap before
{Heap before GC invocations=16 (full 1):
 garbage-first heap   total 61440K, used 43735K [0x0000000704600000, 0x0000000800000000)
  region size 2048K, 10 young (20480K), 1 survivors (2048K)
 Metaspace       used 51512K, committed 52160K, reserved 1114112K
  class space    used 6978K, committed 7296K, reserved 1048576K
}
Event: 131.822 GC heap after
{Heap after GC invocations=17 (full 1):
 garbage-first heap   total 61440K, used 27762K [0x0000000704600000, 0x0000000800000000)
  region size 2048K, 2 young (4096K), 2 survivors (4096K)
 Metaspace       used 51512K, committed 52160K, reserved 1114112K
  class space    used 6978K, committed 7296K, reserved 1048576K
}
Event: 149.508 GC heap before
{Heap before GC invocations=18 (full 1):
 garbage-first heap   total 61440K, used 33906K [0x0000000704600000, 0x0000000800000000)
  region size 2048K, 6 young (12288K), 2 survivors (4096K)
 Metaspace       used 52496K, committed 53056K, reserved 1114112K
  class space    used 7059K, committed 7360K, reserved 1048576K
}
Event: 149.614 GC heap after
{Heap after GC invocations=19 (full 2):
 garbage-first heap   total 61440K, used 23024K [0x0000000704600000, 0x0000000800000000)
  region size 2048K, 0 young (0K), 0 survivors (0K)
 Metaspace       used 52496K, committed 53056K, reserved 1114112K
  class space    used 7059K, committed 7360K, reserved 1048576K
}
Event: 150.368 GC heap before
{Heap before GC invocations=19 (full 2):
 garbage-first heap   total 61440K, used 43504K [0x0000000704600000, 0x0000000800000000)
  region size 2048K, 10 young (20480K), 0 survivors (0K)
 Metaspace       used 52525K, committed 53056K, reserved 1114112K
  class space    used 7064K, committed 7360K, reserved 1048576K
}
Event: 150.372 GC heap after
{Heap after GC invocations=20 (full 2):
 garbage-first heap   total 61440K, used 25235K [0x0000000704600000, 0x0000000800000000)
  region size 2048K, 2 young (4096K), 2 survivors (4096K)
 Metaspace       used 52525K, committed 53056K, reserved 1114112K
  class space    used 7064K, committed 7360K, reserved 1048576K
}
Event: 150.804 GC heap before
{Heap before GC invocations=20 (full 2):
 garbage-first heap   total 61440K, used 43667K [0x0000000704600000, 0x0000000800000000)
  region size 2048K, 11 young (22528K), 2 survivors (4096K)
 Metaspace       used 52634K, committed 53184K, reserved 1114112K
  class space    used 7072K, committed 7360K, reserved 1048576K
}
Event: 150.809 GC heap after
{Heap after GC invocations=21 (full 2):
 garbage-first heap   total 61440K, used 26635K [0x0000000704600000, 0x0000000800000000)
  region size 2048K, 2 young (4096K), 2 survivors (4096K)
 Metaspace       used 52634K, committed 53184K, reserved 1114112K
  class space    used 7072K, committed 7360K, reserved 1048576K
}
Event: 224.816 GC heap before
{Heap before GC invocations=21 (full 2):
 garbage-first heap   total 61440K, used 45067K [0x0000000704600000, 0x0000000800000000)
  region size 2048K, 11 young (22528K), 2 survivors (4096K)
 Metaspace       used 52665K, committed 53248K, reserved 1114112K
  class space    used 7074K, committed 7360K, reserved 1048576K
}
Event: 224.821 GC heap after
{Heap after GC invocations=22 (full 2):
 garbage-first heap   total 61440K, used 27434K [0x0000000704600000, 0x0000000800000000)
  region size 2048K, 2 young (4096K), 2 survivors (4096K)
 Metaspace       used 52665K, committed 53248K, reserved 1114112K
  class space    used 7074K, committed 7360K, reserved 1048576K
}
Event: 224.888 GC heap before
{Heap before GC invocations=22 (full 2):
 garbage-first heap   total 61440K, used 27434K [0x0000000704600000, 0x0000000800000000)
  region size 2048K, 3 young (6144K), 2 survivors (4096K)
 Metaspace       used 52667K, committed 53248K, reserved 1114112K
  class space    used 7075K, committed 7360K, reserved 1048576K
}
Event: 224.966 GC heap after
{Heap after GC invocations=23 (full 3):
 garbage-first heap   total 61440K, used 18879K [0x0000000704600000, 0x0000000800000000)
  region size 2048K, 0 young (0K), 0 survivors (0K)
 Metaspace       used 52597K, committed 53248K, reserved 1114112K
  class space    used 7057K, committed 7360K, reserved 1048576K
}
Event: 225.726 GC heap before
{Heap before GC invocations=23 (full 3):
 garbage-first heap   total 61440K, used 45503K [0x0000000704600000, 0x0000000800000000)
  region size 2048K, 13 young (26624K), 0 survivors (0K)
 Metaspace       used 52713K, committed 53248K, reserved 1114112K
  class space    used 7084K, committed 7360K, reserved 1048576K
}
Event: 225.732 GC heap after
{Heap after GC invocations=24 (full 3):
 garbage-first heap   total 61440K, used 22355K [0x0000000704600000, 0x0000000800000000)
  region size 2048K, 2 young (4096K), 2 survivors (4096K)
 Metaspace       used 52713K, committed 53248K, reserved 1114112K
  class space    used 7084K, committed 7360K, reserved 1048576K
}

